<?xml version="1.0" encoding="UTF-8"?>
<!-- Generated by org.testng.reporters.JUnitReportReporter -->
<testsuite hostname="DUS92VDC2D15008" name="com.siebel.mcrmapp.testsuite.MemberCareServicesTest" tests="1" failures="0" timestamp="9 Oct 2015 11:58:36 GMT" time="28.617" errors="0">
  <testcase name="transferPointsNotEnoughPoints" time="28.617" classname="com.siebel.mcrmapp.testsuite.MemberCareServicesTest"/>
</testsuite> <!-- com.siebel.mcrmapp.testsuite.MemberCareServicesTest -->
