<?xml version="1.0" encoding="UTF-8"?>
<!-- Generated by org.testng.reporters.JUnitReportReporter -->
<testsuite hostname="DUS92VDC2D15008" name="com.siebel.mcrmapp.testsuite.LoyaltyTest" tests="1" failures="0" timestamp="5 Nov 2015 09:36:48 GMT" time="10.772" errors="0">
  <testcase name="BlockLoyaltyMember" time="10.772" classname="com.siebel.mcrmapp.testsuite.LoyaltyTest"/>
</testsuite> <!-- com.siebel.mcrmapp.testsuite.LoyaltyTest -->
