<?xml version="1.0" encoding="UTF-8"?>
<!-- Generated by org.testng.reporters.JUnitReportReporter -->
<testsuite hostname="DUS92VDC2D15008" name="com.siebel.mcrmapp.testsuite.StoreAdministrationTest" tests="1" failures="0" timestamp="19 Nov 2015 07:37:57 GMT" time="15.460" errors="0">
  <testcase name="PickingListImportCSVTest" time="15.460" classname="com.siebel.mcrmapp.testsuite.StoreAdministrationTest"/>
</testsuite> <!-- com.siebel.mcrmapp.testsuite.StoreAdministrationTest -->
