<?xml version="1.0" encoding="UTF-8"?>
<!-- Generated by org.testng.reporters.JUnitReportReporter -->
<testsuite hostname="DUS92VDC2D15008" name="com.siebel.mcrmapp.testsuite.PricingAdministrationTest" tests="1" failures="0" timestamp="13 Nov 2015 10:26:11 GMT" time="1.024" errors="0">
  <testcase name="adjustmentTypeAmount" time="1.024" classname="com.siebel.mcrmapp.testsuite.PricingAdministrationTest"/>
</testsuite> <!-- com.siebel.mcrmapp.testsuite.PricingAdministrationTest -->
