<?xml version="1.0" encoding="UTF-8"?>
<!-- Generated by org.testng.reporters.JUnitReportReporter -->
<testsuite hostname="DUS92VDC2D15008" name="com.siebel.mcrmapp.testsuite.ProductAdministrationTest" tests="1" failures="0" timestamp="12 Oct 2015 09:54:16 GMT" time="43.051" errors="0">
  <testcase name="viewArticlePrice" time="43.051" classname="com.siebel.mcrmapp.testsuite.ProductAdministrationTest"/>
</testsuite> <!-- com.siebel.mcrmapp.testsuite.ProductAdministrationTest -->
