<?xml version="1.0" encoding="UTF-8"?>
<!-- Generated by org.testng.reporters.JUnitReportReporter -->
<testsuite hostname="DUS92VDC2D15008" name="com.siebel.mcrmapp.testsuite.PrintOutsTest" tests="1" failures="0" timestamp="10 Nov 2015 09:20:02 GMT" time="83.189" errors="0">
  <testcase name="deliveryTicket" time="83.189" classname="com.siebel.mcrmapp.testsuite.PrintOutsTest"/>
</testsuite> <!-- com.siebel.mcrmapp.testsuite.PrintOutsTest -->
