<?xml version="1.0" encoding="UTF-8"?>
<!-- Generated by org.testng.reporters.JUnitReportReporter -->
<testsuite hostname="DUS92VDC2D15008" name="com.siebel.mcrmapp.testsuite.FSDRegressionTest" tests="1" failures="0" timestamp="9 Nov 2015 10:16:07 GMT" time="31.612" errors="0">
  <testcase name="tourInterface" time="31.612" classname="com.siebel.mcrmapp.testsuite.FSDRegressionTest"/>
</testsuite> <!-- com.siebel.mcrmapp.testsuite.FSDRegressionTest -->
