<?xml version="1.0" encoding="UTF-8"?>
<!-- Generated by org.testng.reporters.JUnitReportReporter -->
<testsuite hostname="DUS92VDC2D15008" name="com.maven.flight.test.StartTest" tests="1" failures="0" timestamp="25 Aug 2015 07:32:52 GMT" time="0.854" errors="0">
  <testcase name="RegisterCustomer" time="0.854" classname="com.maven.flight.test.StartTest"/>
</testsuite> <!-- com.maven.flight.test.StartTest -->
