<?xml version="1.0" encoding="UTF-8"?>
<!-- Generated by org.testng.reporters.JUnitReportReporter -->
<testsuite hostname="DUS92VDC2D15008" name="com.siebel.mcrmapp.testsuite.CatalogManagementTest" tests="1" failures="0" timestamp="10 Nov 2015 09:12:01 GMT" time="19.696" errors="0">
  <testcase name="repricingStoreDelivery" time="19.696" classname="com.siebel.mcrmapp.testsuite.CatalogManagementTest"/>
</testsuite> <!-- com.siebel.mcrmapp.testsuite.CatalogManagementTest -->
